Change Component Footprint: Designator=C35 Old Footprint=CAPC2013X145X50NL20T25 New Footprint=FP-CC0805-0_85-MFG
Change Component Footprint: Designator=U2 Old Footprint=MCHP-QFN-ML20_N New Footprint=QFN-ML20_M
Change Component Comment: Designator=C35 Old Comment=C0805C475K9PACTU New Comment=CC0805KRX7R8BB104
Change Component Comment: Designator=U2 Old Comment=MCP73871T-2AAI/ML New Comment=MCP73871-2CCI/ML
Change Component Comment: Designator=U3 Old Comment=TPS63070RNMT New Comment=TPS63070RNMR
Change Component Designator: OldDesignator=C25 NewDesignator=C33
Change Component Designator: OldDesignator=C26 NewDesignator=C27
Change Component Designator: OldDesignator=C27 NewDesignator=C28
Change Component Designator: OldDesignator=C28 NewDesignator=C29
Change Component Designator: OldDesignator=C30 NewDesignator=C26
Change Component Designator: OldDesignator=C32 NewDesignator=C30
Change Component Designator: OldDesignator=C33 NewDesignator=C31
Change Component Designator: OldDesignator=C34 NewDesignator=C32
Change Component Designator: OldDesignator=C37 NewDesignator=C36
Change Component Designator: OldDesignator=C38 NewDesignator=C37
Change Component Designator: OldDesignator=C39 NewDesignator=C38
Change Component Designator: OldDesignator=C40 NewDesignator=C39
Change Component Designator: OldDesignator=C41 NewDesignator=C40
Change Component Designator: OldDesignator=C42 NewDesignator=C41
Change Component Designator: OldDesignator=C43 NewDesignator=C42
Change Component Designator: OldDesignator=C44 NewDesignator=C43
Change Component Designator: OldDesignator=C45 NewDesignator=C44
Change Component Designator: OldDesignator=C46 NewDesignator=C45
Change Component Designator: OldDesignator=C47 NewDesignator=C46
Change Component Designator: OldDesignator=C48 NewDesignator=C47
Change Component Designator: OldDesignator=C49 NewDesignator=C48
Change Component Designator: OldDesignator=C50 NewDesignator=C49
Change Component Designator: OldDesignator=IC1 NewDesignator=IC2
Change Component Designator: OldDesignator=IC2 NewDesignator=IC3
Change Component Designator: OldDesignator=R22 NewDesignator=R16
Change Component Designator: OldDesignator=R23 NewDesignator=R20
Change Component Designator: OldDesignator=R24 NewDesignator=R23
Change Component Designator: OldDesignator=R25 NewDesignator=R26
Change Component Designator: OldDesignator=R26 NewDesignator=R28
Change Component Designator: OldDesignator=R27 NewDesignator=R29
Change Component Designator: OldDesignator=R28 NewDesignator=R30
Change Component Designator: OldDesignator=R29 NewDesignator=R31
Change Component Designator: OldDesignator=R30 NewDesignator=R32
Change Component Designator: OldDesignator=R31 NewDesignator=R33
Change Component Designator: OldDesignator=R32 NewDesignator=R34
Change Component Designator: OldDesignator=R33 NewDesignator=R35
Change Component Designator: OldDesignator=R34 NewDesignator=R36
Change Component Designator: OldDesignator=R35 NewDesignator=R37
Change Component Designator: OldDesignator=R36 NewDesignator=R38
Change Component Designator: OldDesignator=R37 NewDesignator=R39
Change Component Designator: OldDesignator=R38 NewDesignator=R40
Change Component Designator: OldDesignator=R39 NewDesignator=R41
Change Component Designator: OldDesignator=R40 NewDesignator=R42
Change Component Designator: OldDesignator=R41 NewDesignator=R43
Change Component Designator: OldDesignator=R42 NewDesignator=R44
Change Component Designator: OldDesignator=R43 NewDesignator=R45
Change Component Designator: OldDesignator=R44 NewDesignator=R46
Change Component Designator: OldDesignator=R45 NewDesignator=R47
Change Component Designator: OldDesignator=R46 NewDesignator=R48
Change Component Designator: OldDesignator=R47 NewDesignator=R49
Change Component Designator: OldDesignator=R48 NewDesignator=R50
Change Component Designator: OldDesignator=R49 NewDesignator=R51
Change Component Designator: OldDesignator=R50 NewDesignator=R52
Change Pin Designator/Name:  Old Designator=C35-1 Old Name=1 New Designator =2 New Name=2
Change Pin Designator/Name:  Old Designator=U2-7 Old Name=STAT2 New Designator =STAT1 /L\B\O\ New Name=8
Change Pin Designator/Name:  Old Designator=U2-8 Old Name=STAT1 /L\B\O\ New Designator =STAT2 New Name=7
Change Pin Designator/Name:  Old Designator=U3-9 Old Name=L2 New Designator =L1 New Name=11
Change Pin Designator/Name:  Old Designator=U3-11 Old Name=L1 New Designator =L2 New Name=9
