Removed Member From Class: ClassName=POWER Member=C1
Removed Member From Class: ClassName=POWER Member=C2
Removed Member From Class: ClassName=POWER Member=C3
Removed Member From Class: ClassName=POWER Member=C4
Removed Member From Class: ClassName=POWER Member=C5
Removed Member From Class: ClassName=POWER Member=C6
Removed Member From Class: ClassName=POWER Member=C7
Removed Member From Class: ClassName=POWER Member=C8
Removed Member From Class: ClassName=POWER Member=C9
Removed Member From Class: ClassName=POWER Member=C10
Removed Member From Class: ClassName=POWER Member=C11
Removed Member From Class: ClassName=POWER Member=C12
Removed Member From Class: ClassName=POWER Member=C13
Removed Member From Class: ClassName=POWER Member=C14
Removed Member From Class: ClassName=POWER Member=C15
Removed Member From Class: ClassName=POWER Member=C16
Removed Member From Class: ClassName=POWER Member=C17
Removed Member From Class: ClassName=POWER Member=C18
Removed Member From Class: ClassName=POWER Member=C19
Removed Member From Class: ClassName=POWER Member=C20
Removed Member From Class: ClassName=POWER Member=C21
Removed Member From Class: ClassName=POWER Member=C22
Removed Member From Class: ClassName=POWER Member=C23
Removed Member From Class: ClassName=POWER Member=C24
Removed Member From Class: ClassName=POWER Member=D1
Removed Member From Class: ClassName=POWER Member=D2
Removed Member From Class: ClassName=POWER Member=FB1
Removed Member From Class: ClassName=POWER Member=J1
Removed Member From Class: ClassName=POWER Member=P1
Removed Member From Class: ClassName=POWER Member=R1
Removed Member From Class: ClassName=POWER Member=R2
Removed Member From Class: ClassName=POWER Member=R3
Removed Member From Class: ClassName=POWER Member=R4
Removed Member From Class: ClassName=POWER Member=R5
Removed Member From Class: ClassName=POWER Member=R6
Removed Member From Class: ClassName=POWER Member=R7
Removed Member From Class: ClassName=POWER Member=R8
Removed Member From Class: ClassName=POWER Member=R9
Removed Member From Class: ClassName=POWER Member=R10
Removed Member From Class: ClassName=POWER Member=R11
Removed Member From Class: ClassName=POWER Member=R12
Removed Member From Class: ClassName=POWER Member=R13
Removed Member From Class: ClassName=POWER Member=R14
Removed Member From Class: ClassName=POWER Member=R15
Removed Member From Class: ClassName=POWER Member=R16
Removed Member From Class: ClassName=POWER Member=R17
Removed Member From Class: ClassName=POWER Member=R18
Removed Member From Class: ClassName=POWER Member=R19
Removed Member From Class: ClassName=POWER Member=SW1
Removed Member From Class: ClassName=POWER Member=SW2
Removed Member From Class: ClassName=POWER Member=SW3
Removed Member From Class: ClassName=POWER Member=SW4
Removed Member From Class: ClassName=POWER Member=SW5
Removed Member From Class: ClassName=POWER Member=SW6
Removed Member From Class: ClassName=POWER Member=SW7
Removed Member From Class: ClassName=POWER Member=SW8
Removed Member From Class: ClassName=POWER Member=SW9
Removed Member From Class: ClassName=POWER Member=SW10
Removed Member From Class: ClassName=POWER Member=SW11
Removed Member From Class: ClassName=POWER Member=SW12
Removed Member From Class: ClassName=POWER Member=U1
Change Class Name : Old Net Name=POWER New Net Name=POWER_GRP
Added Class: Name=C1_Nets
Added Class: Name=C2_Nets
Added Class: Name=C3_Nets
Added Class: Name=C4_Nets
Added Class: Name=C5_Nets
Added Class: Name=C6_Nets
Added Class: Name=C7_Nets
Added Class: Name=C8_Nets
Added Class: Name=C9_Nets
Added Class: Name=C10_Nets
Added Class: Name=C11_Nets
Added Class: Name=C12_Nets
Added Class: Name=C13_Nets
Added Class: Name=C14_Nets
Added Class: Name=C15_Nets
Added Class: Name=C16_Nets
Added Class: Name=C17_Nets
Added Class: Name=C18_Nets
Added Class: Name=C19_Nets
Added Class: Name=C20_Nets
Added Class: Name=C21_Nets
Added Class: Name=C22_Nets
Added Class: Name=C23_Nets
Added Class: Name=C24_Nets
Added Class: Name=C28_Nets
Added Class: Name=C29_Nets
Added Class: Name=C30_Nets
Added Class: Name=C31_Nets
Added Class: Name=C32_Nets
Added Class: Name=C33_Nets
Added Class: Name=C34_Nets
Added Class: Name=C35_Nets
Added Class: Name=C36_Nets
Added Class: Name=C37_Nets
Added Class: Name=C38_Nets
Added Class: Name=C39_Nets
Added Class: Name=C40_Nets
Added Class: Name=C41_Nets
Added Class: Name=C42_Nets
Added Class: Name=C43_Nets
Added Class: Name=C44_Nets
Added Class: Name=C45_Nets
Added Class: Name=C46_Nets
Added Class: Name=C47_Nets
Added Class: Name=C48_Nets
Added Class: Name=C49_Nets
Added Class: Name=C50_Nets
Added Class: Name=C51_Nets
Added Class: Name=C52_Nets
Added Class: Name=D1_Nets
Added Class: Name=D2_Nets
Added Class: Name=D4_Nets
Added Class: Name=D5_Nets
Added Class: Name=D6_Nets
Added Class: Name=D7_Nets
Added Class: Name=D8_Nets
Added Class: Name=D9_Nets
Added Class: Name=D10_Nets
Added Class: Name=D11_Nets
Added Class: Name=D12_Nets
Added Class: Name=D13_Nets
Added Class: Name=D14_Nets
Added Class: Name=FB1_Nets
Added Class: Name=IC1_Nets
Added Class: Name=IC2_Nets
Added Class: Name=IC3_Nets
Added Class: Name=J1_Nets
Added Class: Name=J2_Nets
Added Class: Name=J3_Nets
Added Class: Name=J4_Nets
Added Class: Name=L1_Nets
Added Class: Name=L2_Nets
Added Class: Name=P1_Nets
Added Class: Name=Q1_Nets
Added Class: Name=R1_Nets
Added Class: Name=R2_Nets
Added Class: Name=R3_Nets
Added Class: Name=R4_Nets
Added Class: Name=R5_Nets
Added Class: Name=R6_Nets
Added Class: Name=R7_Nets
Added Class: Name=R8_Nets
Added Class: Name=R9_Nets
Added Class: Name=R10_Nets
Added Class: Name=R11_Nets
Added Class: Name=R12_Nets
Added Class: Name=R13_Nets
Added Class: Name=R14_Nets
Added Class: Name=R15_Nets
Added Class: Name=R16_Nets
Added Class: Name=R17_Nets
Added Class: Name=R18_Nets
Added Class: Name=R19_Nets
Added Class: Name=R20_Nets
Added Class: Name=R23_Nets
Added Class: Name=R24_Nets
Added Class: Name=R25_Nets
Added Class: Name=R26_Nets
Added Class: Name=R27_Nets
Added Class: Name=R28_Nets
Added Class: Name=R29_Nets
Added Class: Name=R30_Nets
Added Class: Name=R31_Nets
Added Class: Name=R32_Nets
Added Class: Name=R33_Nets
Added Class: Name=R34_Nets
Added Class: Name=R35_Nets
Added Class: Name=R36_Nets
Added Class: Name=R37_Nets
Added Class: Name=R38_Nets
Added Class: Name=R39_Nets
Added Class: Name=R40_Nets
Added Class: Name=R41_Nets
Added Class: Name=R42_Nets
Added Class: Name=R43_Nets
Added Class: Name=R45_Nets
Added Class: Name=R46_Nets
Added Class: Name=R47_Nets
Added Class: Name=R48_Nets
Added Class: Name=R49_Nets
Added Class: Name=R50_Nets
Added Class: Name=R51_Nets
Added Class: Name=R52_Nets
Added Class: Name=R53_Nets
Added Class: Name=R54_Nets
Added Class: Name=R55_Nets
Added Class: Name=SD1_Nets
Added Class: Name=SW1_Nets
Added Class: Name=SW2_Nets
Added Class: Name=SW3_Nets
Added Class: Name=SW4_Nets
Added Class: Name=SW5_Nets
Added Class: Name=SW6_Nets
Added Class: Name=SW7_Nets
Added Class: Name=SW8_Nets
Added Class: Name=SW9_Nets
Added Class: Name=SW10_Nets
Added Class: Name=SW11_Nets
Added Class: Name=SW12_Nets
Added Class: Name=U1_Nets
Added Class: Name=U3_Nets
Added Class: Name=U4_Nets
Added Class: Name=U5_Nets
Added Room: Name=POWER_GRP
