Change Component Designator: Old Designator=C1 New Designator=C5
Change Component Designator: Old Designator=C2 New Designator=C6
Change Component Designator: Old Designator=C3 New Designator=C7
Change Component Designator: Old Designator=C4 New Designator=C8
Change Component Designator: Old Designator=C5 New Designator=C13
Change Component Designator: Old Designator=C6 New Designator=C14
Change Component Designator: Old Designator=C7 New Designator=C19
Change Component Designator: Old Designator=C8 New Designator=C20
Change Component Designator: Old Designator=C9 New Designator=C21
Change Component Designator: Old Designator=C10 New Designator=C22
Change Component Designator: Old Designator=C11 New Designator=C23
Change Component Designator: Old Designator=C12 New Designator=C24
Change Component Designator: Old Designator=C13 New Designator=C25
Change Component Designator: Old Designator=C14 New Designator=C26
Change Component Designator: Old Designator=C15 New Designator=C27
Change Component Designator: Old Designator=C16 New Designator=C1
Change Component Designator: Old Designator=C17 New Designator=C2
Change Component Designator: Old Designator=C18 New Designator=C3
Change Component Designator: Old Designator=C19 New Designator=C4
Change Component Designator: Old Designator=C20 New Designator=C9
Change Component Designator: Old Designator=C21 New Designator=C10
Change Component Designator: Old Designator=C22 New Designator=C11
Change Component Designator: Old Designator=C23 New Designator=C12
Change Component Designator: Old Designator=C24 New Designator=C16
Change Component Designator: Old Designator=C25 New Designator=C17
Change Component Designator: Old Designator=C26 New Designator=C18
Change Component Designator: Old Designator=C27 New Designator=C15
Change Component Designator: Old Designator=C? New Designator=C28
Change Component Designator: Old Designator=C? New Designator=C29
Change Component Designator: Old Designator=C? New Designator=C30
Change Component Designator: Old Designator=C? New Designator=C31
Change Component Designator: Old Designator=C? New Designator=C32
Change Component Designator: Old Designator=C? New Designator=C33
Change Component Designator: Old Designator=C? New Designator=C34
Change Component Designator: Old Designator=C? New Designator=C35
Change Component Designator: Old Designator=C? New Designator=C36
Change Component Designator: Old Designator=C? New Designator=C37
Change Component Designator: Old Designator=C? New Designator=C38
Change Component Designator: Old Designator=D? New Designator=D4
Change Component Designator: Old Designator=D? New Designator=D5
Change Component Designator: Old Designator=D? New Designator=D6
Change Component Designator: Old Designator=D? New Designator=D7
Change Component Designator: Old Designator=IC? New Designator=IC1
Change Component Designator: Old Designator=J? New Designator=J2
Change Component Designator: Old Designator=L? New Designator=L1
Change Component Designator: Old Designator=Q? New Designator=Q1
Change Component Designator: Old Designator=R1 New Designator=R8
Change Component Designator: Old Designator=R2 New Designator=R15
Change Component Designator: Old Designator=R3 New Designator=R9
Change Component Designator: Old Designator=R5 New Designator=R14
Change Component Designator: Old Designator=R6 New Designator=R5
Change Component Designator: Old Designator=R8 New Designator=R6
Change Component Designator: Old Designator=R9 New Designator=R21
Change Component Designator: Old Designator=R10 New Designator=R22
Change Component Designator: Old Designator=R11 New Designator=R1
Change Component Designator: Old Designator=R12 New Designator=R2
Change Component Designator: Old Designator=R13 New Designator=R3
Change Component Designator: Old Designator=R14 New Designator=R10
Change Component Designator: Old Designator=R15 New Designator=R11
Change Component Designator: Old Designator=R16 New Designator=R12
Change Component Designator: Old Designator=R17 New Designator=R13
Change Component Designator: Old Designator=R18 New Designator=R17
Change Component Designator: Old Designator=R19 New Designator=R18
Change Component Designator: Old Designator=R20 New Designator=R19
Change Component Designator: Old Designator=R21 New Designator=R16
Change Component Designator: Old Designator=R? New Designator=R20
Change Component Designator: Old Designator=R? New Designator=R23
Change Component Designator: Old Designator=R? New Designator=R24
Change Component Designator: Old Designator=R? New Designator=R25
Change Component Designator: Old Designator=R? New Designator=R26
Change Component Designator: Old Designator=R? New Designator=R27
Change Component Designator: Old Designator=R? New Designator=R28
Change Component Designator: Old Designator=R? New Designator=R29
Change Component Designator: Old Designator=R? New Designator=R30
Change Component Designator: Old Designator=R? New Designator=R31
Change Component Designator: Old Designator=R? New Designator=R32
Change Component Designator: Old Designator=SW9 New Designator=SW10
Change Component Designator: Old Designator=SW10 New Designator=SW11
Change Component Designator: Old Designator=SW11 New Designator=SW12
Change Component Designator: Old Designator=SW12 New Designator=SW9
Change Component Designator: Old Designator=U? New Designator=U3
Change Component Designator: Old Designator=U? New Designator=U4
